2025-03-16 14:07:31 - INFO  - HV000001: Hibernate Validator 8.0.1.Final
2025-03-16 14:07:31 - INFO  - Starting TomyongjiApplication using Java 17.0.6 with PID 35224 (C:\Users\User\Desktop\Git\ToMyongJi-back\build\classes\java\main started by User in C:\Users\User\Desktop\Git\ToMyongJi-back)
2025-03-16 14:07:31 - DEBUG - Running with Spring Boot v3.3.2, Spring v6.1.11
2025-03-16 14:07:31 - INFO  - No active profile set, falling back to 1 default profile: "default"
2025-03-16 14:07:34 - INFO  - Bootstrapping Spring Data JPA repositories in DEFAULT mode.
2025-03-16 14:07:34 - INFO  - Finished Spring Data repository scanning in 463 ms. Found 8 JPA repository interfaces.
2025-03-16 14:07:36 - INFO  - Tomcat initialized with port 8080 (http)
2025-03-16 14:07:36 - INFO  - Initializing ProtocolHandler ["http-nio-8080"]
2025-03-16 14:07:36 - INFO  - Starting service [Tomcat]
2025-03-16 14:07:36 - INFO  - Starting Servlet engine: [Apache Tomcat/10.1.26]
2025-03-16 14:07:36 - INFO  - Initializing Spring embedded WebApplicationContext
2025-03-16 14:07:36 - INFO  - Root WebApplicationContext: initialization completed in 5490 ms
2025-03-16 14:07:37 - INFO  - HHH000204: Processing PersistenceUnitInfo [name: default]
2025-03-16 14:07:37 - INFO  - HHH000412: Hibernate ORM core version 6.5.2.Final
2025-03-16 14:07:37 - INFO  - HHH000026: Second-level cache disabled
2025-03-16 14:07:38 - INFO  - No LoadTimeWeaver setup: ignoring JPA class transformer
2025-03-16 14:07:38 - INFO  - HikariPool-1 - Starting...
2025-03-16 14:07:39 - INFO  - HikariPool-1 - Added connection com.mysql.cj.jdbc.ConnectionImpl@4ab86b2a
2025-03-16 14:07:39 - INFO  - HikariPool-1 - Start completed.
2025-03-16 14:07:39 - WARN  - HHH90000025: MySQL8Dialect does not need to be specified explicitly using 'hibernate.dialect' (remove the property setting and it will be selected by default)
2025-03-16 14:07:39 - WARN  - HHH90000026: MySQL8Dialect has been deprecated; use org.hibernate.dialect.MySQLDialect instead
2025-03-16 14:07:42 - INFO  - HHH000489: No JTA platform available (set 'hibernate.transaction.jta.platform' to enable JTA platform integration)
2025-03-16 14:07:42 - INFO  - Initialized JPA EntityManagerFactory for persistence unit 'default'
2025-03-16 14:07:43 - WARN  - spring.jpa.open-in-view is enabled by default. Therefore, database queries may be performed during view rendering. Explicitly configure spring.jpa.open-in-view to disable this warning
2025-03-16 14:07:44 - INFO  - Global AuthenticationManager configured with UserDetailsService bean with name customUserDetailsService
2025-03-16 14:07:45 - INFO  - Starting ProtocolHandler ["http-nio-8080"]
2025-03-16 14:07:45 - INFO  - Tomcat started on port 8080 (http) with context path '/'
2025-03-16 14:07:45 - INFO  - Started TomyongjiApplication in 15.658 seconds (process running for 17.897)
2025-03-16 14:07:45 - DEBUG - This is a debug message.
2025-03-16 14:10:25 - INFO  - Initializing Spring DispatcherServlet 'dispatcherServlet'
2025-03-16 14:10:25 - INFO  - Initializing Servlet 'dispatcherServlet'
2025-03-16 14:10:25 - INFO  - Completed initialization in 2 ms
2025-03-16 14:14:02 - INFO  - Closing JPA EntityManagerFactory for persistence unit 'default'
2025-03-16 14:14:02 - INFO  - HikariPool-1 - Shutdown initiated...
2025-03-16 14:14:02 - INFO  - HikariPool-1 - Shutdown completed.
