2025-03-24 00:07:45 - -> 요청: [POST] /api/users/clubVerify
<2025-03-24 00:07:45 - <- 응답: [POST] /api/users/clubVerify - 상태 코드: 200
<2025-03-24 00:07:45 - 응답 바디: {"statusCode":200,"statusMessage":"소속인증을 성공적으로 마쳤습니다.","data":true}
<2025-03-24 00:07:49 - -> 요청: [POST] /api/users/emailCheck
<2025-03-24 00:07:54 - <- 응답: [POST] /api/users/emailCheck - 상태 코드: 200
<2025-03-24 00:07:54 - 응답 바디: 1Bu95bbc
<2025-03-24 00:08:01 - -> 요청: [POST] /api/users/verifyCode
<2025-03-24 00:08:01 - <- 응답: [POST] /api/users/verifyCode - 상태 코드: 200
<2025-03-24 00:08:01 - 응답 바디: {"statusCode":200,"statusMessage":"이메일 인증이 성공적으로 이루어졌습니다","data":true}
<2025-03-24 00:08:09 - -> 요청: [POST] /api/users/signup
<2025-03-24 00:08:09 - <- 응답: [POST] /api/users/signup - 상태 코드: 400
<2025-03-24 00:08:09 - 응답 바디: {"statusCode":400,"message":"단과대를 찾을 수 없습니다."}
<2025-03-24 00:08:14 - -> 요청: [POST] /api/users/signup
<2025-03-24 00:08:14 - <- 응답: [POST] /api/users/signup - 상태 코드: 400
<2025-03-24 00:08:14 - 응답 바디: {"statusCode":400,"message":"이미 등록된 유저 정보입니다."}
<2025-03-24 00:09:40 - -> 요청: [POST] /api/users/signup
<2025-03-24 00:09:40 - <- 응답: [POST] /api/users/signup - 상태 코드: 400
<2025-03-24 00:09:40 - 응답 바디: {"statusCode":400,"message":"이미 등록된 유저 정보입니다."}
<2025-03-24 00:09:59 - -> 요청: [POST] /api/users/login
<2025-03-24 00:09:59 - <- 응답: [POST] /api/users/login - 상태 코드: 400
<2025-03-24 00:09:59 - 응답 바디: {"statusCode":400,"message":"자격 증명에 실패하였습니다."}
<2025-03-24 00:13:10 - -> 요청: [POST] /api/users/signup
<2025-03-24 00:13:10 - <- 응답: [POST] /api/users/signup - 상태 코드: 400
<2025-03-24 00:13:10 - 응답 바디: {"statusCode":400,"message":"이미 등록된 유저 정보입니다."}
<2025-03-24 00:13:53 - -> 요청: [POST] /api/users/signup
<2025-03-24 00:13:53 - <- 응답: [POST] /api/users/signup - 상태 코드: 400
<2025-03-24 00:13:53 - 응답 바디: {"statusCode":400,"message":"이미 등록된 유저 정보입니다."}
<2025-03-24 00:14:12 - -> 요청: [POST] /api/users/signup
<2025-03-24 00:14:12 - <- 응답: [POST] /api/users/signup - 상태 코드: 400
<2025-03-24 00:14:12 - 응답 바디: {"statusCode":400,"message":"이미 등록된 유저 정보입니다."}
<2025-03-24 00:17:14 - -> 요청: [POST] /api/users/login
<2025-03-24 00:17:14 - <- 응답: [POST] /api/users/login - 상태 코드: 200
<2025-03-24 00:17:14 - 응답 바디: {"statusCode":200,"statusMessage":"토큰을 성공적으로 발행했습니다.","data":{"grantType":"Bearer","accessToken":"eyJhbGciOiJIUzI1NiJ9.eyJzdWIiOiJhZG1pbiIsImF1dGgiOiJBRE1JTiIsImlkIjoxODcsImV4cCI6MTc0Mjc0NjYzNH0.31wUdfk6PD5L5z9MUnpKsGIt-2k-C0qOMil6Lfw1g9w","refreshToken":"eyJhbGciOiJIUzI1NiJ9.eyJleHAiOjE3NDMzNDc4MzR9.lGn7W2tiXluTxWVerYT4bgX6wL7SFKMlc_5fBqU_R1M"}}
<2025-03-24 00:17:15 - -> 요청: [POST] /api/users/login
<2025-03-24 00:17:15 - <- 응답: [POST] /api/users/login - 상태 코드: 200
<2025-03-24 00:17:15 - 응답 바디: {"statusCode":200,"statusMessage":"토큰을 성공적으로 발행했습니다.","data":{"grantType":"Bearer","accessToken":"eyJhbGciOiJIUzI1NiJ9.eyJzdWIiOiJhZG1pbiIsImF1dGgiOiJBRE1JTiIsImlkIjoxODcsImV4cCI6MTc0Mjc0NjYzNX0.k21Df0wyoBgZoKox1ye4NMXHBvmuVlTVLUE_fuRPIa8","refreshToken":"eyJhbGciOiJIUzI1NiJ9.eyJleHAiOjE3NDMzNDc4MzV9.T6X7vNcKMFeoJ4Pw9JoP6wIUAQbV_TCZWU7vbJMtO74"}}
<2025-03-24 00:17:15 - -> 요청: [POST] /api/users/login
<2025-03-24 00:17:15 - <- 응답: [POST] /api/users/login - 상태 코드: 200
<2025-03-24 00:17:15 - 응답 바디: {"statusCode":200,"statusMessage":"토큰을 성공적으로 발행했습니다.","data":{"grantType":"Bearer","accessToken":"eyJhbGciOiJIUzI1NiJ9.eyJzdWIiOiJhZG1pbiIsImF1dGgiOiJBRE1JTiIsImlkIjoxODcsImV4cCI6MTc0Mjc0NjYzNX0.k21Df0wyoBgZoKox1ye4NMXHBvmuVlTVLUE_fuRPIa8","refreshToken":"eyJhbGciOiJIUzI1NiJ9.eyJleHAiOjE3NDMzNDc4MzV9.T6X7vNcKMFeoJ4Pw9JoP6wIUAQbV_TCZWU7vbJMtO74"}}
<2025-03-24 00:17:16 - -> 요청: [POST] /api/users/login
<2025-03-24 00:17:16 - <- 응답: [POST] /api/users/login - 상태 코드: 200
<2025-03-24 00:17:16 - 응답 바디: {"statusCode":200,"statusMessage":"토큰을 성공적으로 발행했습니다.","data":{"grantType":"Bearer","accessToken":"eyJhbGciOiJIUzI1NiJ9.eyJzdWIiOiJhZG1pbiIsImF1dGgiOiJBRE1JTiIsImlkIjoxODcsImV4cCI6MTc0Mjc0NjYzNn0.yGknw5S0oxJlgsJv8pd5_q2lh8MW2kuSUia1p4_Revc","refreshToken":"eyJhbGciOiJIUzI1NiJ9.eyJleHAiOjE3NDMzNDc4MzZ9.qcgHGdY3oDMaGRzhTEUy-2Okh7u8XZ9KgaKSxy70yUE"}}
<2025-03-24 00:17:16 - -> 요청: [POST] /api/users/login
<2025-03-24 00:17:16 - <- 응답: [POST] /api/users/login - 상태 코드: 200
<2025-03-24 00:17:16 - 응답 바디: {"statusCode":200,"statusMessage":"토큰을 성공적으로 발행했습니다.","data":{"grantType":"Bearer","accessToken":"eyJhbGciOiJIUzI1NiJ9.eyJzdWIiOiJhZG1pbiIsImF1dGgiOiJBRE1JTiIsImlkIjoxODcsImV4cCI6MTc0Mjc0NjYzNn0.yGknw5S0oxJlgsJv8pd5_q2lh8MW2kuSUia1p4_Revc","refreshToken":"eyJhbGciOiJIUzI1NiJ9.eyJleHAiOjE3NDMzNDc4MzZ9.qcgHGdY3oDMaGRzhTEUy-2Okh7u8XZ9KgaKSxy70yUE"}}
<2025-03-24 00:18:11 - -> 요청: [POST] /api/users/emailCheck
<2025-03-24 00:18:15 - <- 응답: [POST] /api/users/emailCheck - 상태 코드: 200
<2025-03-24 00:18:15 - 응답 바디: k88ZC0tm
<2025-03-24 00:18:23 - -> 요청: [POST] /api/users/verifyCode
<2025-03-24 00:18:23 - <- 응답: [POST] /api/users/verifyCode - 상태 코드: 200
<2025-03-24 00:18:23 - 응답 바디: {"statusCode":200,"statusMessage":"이메일 인증이 성공적으로 이루어졌습니다","data":true}
<2025-03-24 00:18:26 - -> 요청: [POST] /api/users/signup
<2025-03-24 00:18:27 - <- 응답: [POST] /api/users/signup - 상태 코드: 200
<2025-03-24 00:18:27 - 응답 바디: {"statusCode":200,"statusMessage":"회원가입에 성공하셨습니다. 사용자 index id: 316","data":316}
<2025-03-24 00:19:23 - -> 요청: [POST] /api/users/login
<2025-03-24 00:19:24 - <- 응답: [POST] /api/users/login - 상태 코드: 200
<2025-03-24 00:19:24 - 응답 바디: {"statusCode":200,"statusMessage":"토큰을 성공적으로 발행했습니다.","data":{"grantType":"Bearer","accessToken":"eyJhbGciOiJIUzI1NiJ9.eyJzdWIiOiJqaW5oOTM4MCIsImF1dGgiOiJQUkVTSURFTlQiLCJpZCI6MzE3LCJleHAiOjE3NDI3NDY3NjR9.0JEXbfezWA5kw8VLyq0Vl-28qM_oloxUJLS7OC9cQwE","refreshToken":"eyJhbGciOiJIUzI1NiJ9.eyJleHAiOjE3NDMzNDc5NjR9.528qjZr5-_4hBbLgZr-wv0T60v42cbpmLsJrg6ub4Us"}}
<2025-03-24 00:19:24 - -> 요청: [POST] /api/users/login
<2025-03-24 00:19:25 - <- 응답: [POST] /api/users/login - 상태 코드: 200
<2025-03-24 00:19:25 - 응답 바디: {"statusCode":200,"statusMessage":"토큰을 성공적으로 발행했습니다.","data":{"grantType":"Bearer","accessToken":"eyJhbGciOiJIUzI1NiJ9.eyJzdWIiOiJqaW5oOTM4MCIsImF1dGgiOiJQUkVTSURFTlQiLCJpZCI6MzE4LCJleHAiOjE3NDI3NDY3NjV9.tAwAu11wxPiWI_GwVyw62U7rpKbA6qDKK9RH6Nu9gmA","refreshToken":"eyJhbGciOiJIUzI1NiJ9.eyJleHAiOjE3NDMzNDc5NjV9.Isi6ZbiiAullCJlOBUTuR1280ObDvtLSjv4TyrLMkVI"}}
<2025-03-24 00:19:29 - -> 요청: [POST] /api/users/login
<2025-03-24 00:19:29 - <- 응답: [POST] /api/users/login - 상태 코드: 200
<2025-03-24 00:19:29 - 응답 바디: {"statusCode":200,"statusMessage":"토큰을 성공적으로 발행했습니다.","data":{"grantType":"Bearer","accessToken":"eyJhbGciOiJIUzI1NiJ9.eyJzdWIiOiJqaW5oOTM4MCIsImF1dGgiOiJQUkVTSURFTlQiLCJpZCI6MzE5LCJleHAiOjE3NDI3NDY3Njl9.pK9ioUwF7Qt37XCXy9KqylkD0K2GMQFTns0kgve5zI0","refreshToken":"eyJhbGciOiJIUzI1NiJ9.eyJleHAiOjE3NDMzNDc5Njl9.0m2zgYBykTj6nIVc2ScfK_0e6zn4l5xKt6go7sAgdsA"}}
<2025-03-24 00:19:30 - -> 요청: [POST] /api/users/login
<2025-03-24 00:19:30 - <- 응답: [POST] /api/users/login - 상태 코드: 200
<2025-03-24 00:19:30 - 응답 바디: {"statusCode":200,"statusMessage":"토큰을 성공적으로 발행했습니다.","data":{"grantType":"Bearer","accessToken":"eyJhbGciOiJIUzI1NiJ9.eyJzdWIiOiJqaW5oOTM4MCIsImF1dGgiOiJQUkVTSURFTlQiLCJpZCI6MzIwLCJleHAiOjE3NDI3NDY3NzB9.hibp2iN7wkTLqeXcQRLfyQ1KzM1AhOPbCjT9Jzx0Tu0","refreshToken":"eyJhbGciOiJIUzI1NiJ9.eyJleHAiOjE3NDMzNDc5NzB9.LmbQyV4bTy08w_PBJ-vGFbqQpO7e91iISNVaPz4h6sw"}}
<2025-03-24 00:19:54 - -> 요청: [POST] /api/users/login
<2025-03-24 00:19:54 - <- 응답: [POST] /api/users/login - 상태 코드: 200
<2025-03-24 00:19:54 - 응답 바디: {"statusCode":200,"statusMessage":"토큰을 성공적으로 발행했습니다.","data":{"grantType":"Bearer","accessToken":"eyJhbGciOiJIUzI1NiJ9.eyJzdWIiOiJqaW5oOTM4MCIsImF1dGgiOiJQUkVTSURFTlQiLCJpZCI6MzIxLCJleHAiOjE3NDI3NDY3OTR9.As8jlsVbARqV1Firs3tvMwdzs61T-FKazkM68_eGtNM","refreshToken":"eyJhbGciOiJIUzI1NiJ9.eyJleHAiOjE3NDMzNDc5OTR9.L7ZfftFZpz7aPXalTUIGiFBKsBQwJunBq3ZD5v_bViE"}}
<2025-03-24 00:29:51 - -> 요청: [POST] /api/users/login
<2025-03-24 00:29:51 - <- 응답: [POST] /api/users/login - 상태 코드: 200
<2025-03-24 00:29:51 - 응답 바디: {"statusCode":200,"statusMessage":"토큰을 성공적으로 발행했습니다.","data":{"grantType":"Bearer","accessToken":"eyJhbGciOiJIUzI1NiJ9.eyJzdWIiOiJzamluOTM4MCIsImF1dGgiOiJTVFUiLCJpZCI6MzE2LCJleHAiOjE3NDI3NDczOTF9.AlTDd7VEnL9dz5AmyfbwW4jCVFt-UY8qsOsbs3M_VVQ","refreshToken":"eyJhbGciOiJIUzI1NiJ9.eyJleHAiOjE3NDMzNDg1OTF9.BMHkU1NYUTqbg_l-SDIMBVh6M4w3xEddC0oeZrzh8Ts"}}
<2025-03-24 00:30:20 - -> 요청: [POST] /api/ocr/upload/jinh9380
<2025-03-24 00:30:20 - <- 응답: [POST] /api/ocr/upload/jinh9380 - 상태 코드: 400
<2025-03-24 00:30:20 - 응답 바디: {"statusCode":400,"message":"Current request is not a multipart request"}
<2025-03-24 00:30:50 - -> 요청: [POST] /api/receipt
<2025-03-24 00:30:50 - <- 응답: [POST] /api/receipt - 상태 코드: 201
<2025-03-24 00:30:50 - 응답 바디: {"statusCode":201,"statusMessage":"영수증을 성공적으로 작성했습니다.","data":{"receiptId":45,"date":"2025-03-23T15:00:00.000+00:00","content":"스마트시스템공과대학 영수증 테스트","deposit":1000,"withdrawal":0}}
<2025-03-24 00:32:07 - -> 요청: [PUT] /api/receipt
<2025-03-24 00:32:08 - <- 응답: [PUT] /api/receipt - 상태 코드: 200
<2025-03-24 00:32:08 - 응답 바디: {"statusCode":200,"statusMessage":"영수증을 성공적으로 수정했습니다.","data":{"receiptId":45,"date":"2025-03-24","content":"스마트시스템공과대학 영수증 테스트","deposit":2000,"withdrawal":0}}
<