2025-03-23 21:50:50 - HV000001: Hibernate Validator 8.0.1.Final
<2025-03-23 21:50:50 - Starting TomyongjiApplication using Java 17 with PID 42048 (C:\Users\jinhy\tomyongji\out\production\classes started by jinhy in C:\Users\jinhy\tomyongji)
<2025-03-23 21:50:50 - No active profile set, falling back to 1 default profile: "default"
<2025-03-23 21:50:51 - Bootstrapping Spring Data JPA repositories in DEFAULT mode.
<2025-03-23 21:50:51 - Finished Spring Data repository scanning in 111 ms. Found 8 JPA repository interfaces.
<2025-03-23 21:50:52 - Tomcat initialized with port 8080 (http)
<2025-03-23 21:50:52 - Initializing ProtocolHandler ["http-nio-8080"]
<2025-03-23 21:50:52 - Starting service [Tomcat]
<2025-03-23 21:50:52 - Starting Servlet engine: [Apache Tomcat/10.1.26]
<2025-03-23 21:50:52 - Initializing Spring embedded WebApplicationContext
<2025-03-23 21:50:52 - Root WebApplicationContext: initialization completed in 2110 ms
<2025-03-23 21:50:52 - HHH000204: Processing PersistenceUnitInfo [name: default]
<2025-03-23 21:50:52 - HHH000412: Hibernate ORM core version 6.5.2.Final
<2025-03-23 21:50:52 - HHH000026: Second-level cache disabled
<2025-03-23 21:50:53 - No LoadTimeWeaver setup: ignoring JPA class transformer
<2025-03-23 21:50:53 - HikariPool-1 - Starting...
<2025-03-23 21:50:53 - HikariPool-1 - Added connection com.mysql.cj.jdbc.ConnectionImpl@35841d6
<2025-03-23 21:50:53 - HikariPool-1 - Start completed.
<2025-03-23 21:50:54 - HHH90000025: MySQL8Dialect does not need to be specified explicitly using 'hibernate.dialect' (remove the property setting and it will be selected by default)
<2025-03-23 21:50:54 - HHH90000026: MySQL8Dialect has been deprecated; use org.hibernate.dialect.MySQLDialect instead
<2025-03-23 21:50:55 - HHH000489: No JTA platform available (set 'hibernate.transaction.jta.platform' to enable JTA platform integration)
<2025-03-23 21:50:55 - Initialized JPA EntityManagerFactory for persistence unit 'default'
<2025-03-23 21:50:56 - spring.jpa.open-in-view is enabled by default. Therefore, database queries may be performed during view rendering. Explicitly configure spring.jpa.open-in-view to disable this warning
<2025-03-23 21:50:56 - Global AuthenticationManager configured with UserDetailsService bean with name customUserDetailsService
<2025-03-23 21:50:57 - Starting ProtocolHandler ["http-nio-8080"]
<2025-03-23 21:50:57 - Tomcat started on port 8080 (http) with context path '/'
<2025-03-23 21:50:57 - Started TomyongjiApplication in 8.258 seconds (process running for 9.231)
<2025-03-23 21:51:29 - Initializing Spring DispatcherServlet 'dispatcherServlet'
<2025-03-23 21:51:29 - Initializing Servlet 'dispatcherServlet'
<2025-03-23 21:51:29 - Completed initialization in 2 ms
<2025-03-23 21:51:29 - -> 요청: [POST] /api/users/login
<2025-03-23 21:51:29 - <- 응답: [POST] /api/users/login - 상태 코드: 200
<2025-03-23 21:51:29 - 응답 바디: {"statusCode":200,"statusMessage":"토큰을 성공적으로 발행했습니다.","data":{"grantType":"Bearer","accessToken":"eyJhbGciOiJIUzI1NiJ9.eyJzdWIiOiJqaW5oOTM4MCIsImF1dGgiOiJQUkVTSURFTlQiLCJpZCI6MjgyLCJleHAiOjE3NDI3Mzc4ODl9.kVwxFlsDMgtazzFkBG6nRumJkk8IXKRqI_IhMv8GqY8","refreshToken":"eyJhbGciOiJIUzI1NiJ9.eyJleHAiOjE3NDMzMzkwODl9.hxmOZVhrJOLFiut-hKGuncRns4SzlCkXalPYfxlzACA"}}
<2025-03-23 21:52:52 - -> 요청: [POST] /api/users/login
<2025-03-23 21:52:52 - <- 응답: [POST] /api/users/login - 상태 코드: 200
<2025-03-23 21:52:52 - 응답 바디: {"statusCode":200,"statusMessage":"토큰을 성공적으로 발행했습니다.","data":{"grantType":"Bearer","accessToken":"eyJhbGciOiJIUzI1NiJ9.eyJzdWIiOiJqaW5oOTM4MCIsImF1dGgiOiJQUkVTSURFTlQiLCJpZCI6Mjg2LCJleHAiOjE3NDI3Mzc5NzJ9.L-92IZPrFRrsJw_rkQisvApdcS4PRRTWyZ3jxdm3Jgo","refreshToken":"eyJhbGciOiJIUzI1NiJ9.eyJleHAiOjE3NDMzMzkxNzJ9.GkiYvakb49O3OmaHH6fFhQee9GnGFUGEv4FspgwWoL4"}}
<2025-03-23 21:52:53 - -> 요청: [POST] /api/users/login
<2025-03-23 21:52:53 - <- 응답: [POST] /api/users/login - 상태 코드: 200
<2025-03-23 21:52:53 - 응답 바디: {"statusCode":200,"statusMessage":"토큰을 성공적으로 발행했습니다.","data":{"grantType":"Bearer","accessToken":"eyJhbGciOiJIUzI1NiJ9.eyJzdWIiOiJqaW5oOTM4MCIsImF1dGgiOiJQUkVTSURFTlQiLCJpZCI6Mjg3LCJleHAiOjE3NDI3Mzc5NzN9.-rDTCKrE2rN9dgUfCia0ae3Otcsyk2unK_6jLdF7yyU","refreshToken":"eyJhbGciOiJIUzI1NiJ9.eyJleHAiOjE3NDMzMzkxNzN9.nf8wPPa3zUPKaM75Pk7a6G8s04N18-UWhwn8BKQ5xFU"}}
<2025-03-23 21:52:55 - -> 요청: [POST] /api/users/login
<2025-03-23 21:52:55 - <- 응답: [POST] /api/users/login - 상태 코드: 200
<2025-03-23 21:52:55 - 응답 바디: {"statusCode":200,"statusMessage":"토큰을 성공적으로 발행했습니다.","data":{"grantType":"Bearer","accessToken":"eyJhbGciOiJIUzI1NiJ9.eyJzdWIiOiJqaW5oOTM4MCIsImF1dGgiOiJQUkVTSURFTlQiLCJpZCI6Mjg5LCJleHAiOjE3NDI3Mzc5NzV9.4s3NctvPXeTdMpa-tzy3381ggpmezHoSo6Y2I9NWGPs","refreshToken":"eyJhbGciOiJIUzI1NiJ9.eyJleHAiOjE3NDMzMzkxNzV9.4lNXU5Nr7HCoRxgzdBs4S9Tpx5rrFJUZ93c1tOXaeUo"}}
<2025-03-23 22:02:11 - -> 요청: [POST] /api/users/login
<2025-03-23 22:02:11 - <- 응답: [POST] /api/users/login - 상태 코드: 200
<2025-03-23 22:02:11 - 응답 바디: {"statusCode":200,"statusMessage":"토큰을 성공적으로 발행했습니다.","data":{"grantType":"Bearer","accessToken":"eyJhbGciOiJIUzI1NiJ9.eyJzdWIiOiJqaW5oOTM4MCIsImF1dGgiOiJQUkVTSURFTlQiLCJpZCI6MjkyLCJleHAiOjE3NDI3Mzg1MzF9.U70EKZm7eE2R7VVTpW-bGTUx4RKGmRxrLI0JQbGrgiw","refreshToken":"eyJhbGciOiJIUzI1NiJ9.eyJleHAiOjE3NDMzMzk3MzF9.8aMWEsC05dNyDGkpv_BlZMUEirlk6KlMHkG5r9MPj2s"}}
<2025-03-23 22:02:12 - -> 요청: [POST] /api/users/login
<2025-03-23 22:02:12 - <- 응답: [POST] /api/users/login - 상태 코드: 200
<2025-03-23 22:02:12 - 응답 바디: {"statusCode":200,"statusMessage":"토큰을 성공적으로 발행했습니다.","data":{"grantType":"Bearer","accessToken":"eyJhbGciOiJIUzI1NiJ9.eyJzdWIiOiJqaW5oOTM4MCIsImF1dGgiOiJQUkVTSURFTlQiLCJpZCI6MjkzLCJleHAiOjE3NDI3Mzg1MzJ9.i8i1H9-UEzrHVQoMkWEgv_6tCWSYDXdu9pGsG-UG3dY","refreshToken":"eyJhbGciOiJIUzI1NiJ9.eyJleHAiOjE3NDMzMzk3MzJ9.UzW_i6mQUPCEn_qgv7cN3A-Zl7sQ8OYRuW6y-6LpboA"}}
<2025-03-23 22:02:14 - -> 요청: [POST] /api/users/login
<2025-03-23 22:02:14 - <- 응답: [POST] /api/users/login - 상태 코드: 200
<2025-03-23 22:02:14 - 응답 바디: {"statusCode":200,"statusMessage":"토큰을 성공적으로 발행했습니다.","data":{"grantType":"Bearer","accessToken":"eyJhbGciOiJIUzI1NiJ9.eyJzdWIiOiJqaW5oOTM4MCIsImF1dGgiOiJQUkVTSURFTlQiLCJpZCI6Mjk0LCJleHAiOjE3NDI3Mzg1MzR9.HhVOqPQ65gRGxqqP-xmsyOtSFqyGSYOUIoniW66SaJ0","refreshToken":"eyJhbGciOiJIUzI1NiJ9.eyJleHAiOjE3NDMzMzk3MzR9.EMvVjPU4_ywWZoPz7xxdDU1qKrAXbydVktAy5NQVWFw"}}
<2025-03-23 22:02:15 - -> 요청: [POST] /api/users/login
<2025-03-23 22:02:15 - <- 응답: [POST] /api/users/login - 상태 코드: 200
<2025-03-23 22:02:15 - 응답 바디: {"statusCode":200,"statusMessage":"토큰을 성공적으로 발행했습니다.","data":{"grantType":"Bearer","accessToken":"eyJhbGciOiJIUzI1NiJ9.eyJzdWIiOiJqaW5oOTM4MCIsImF1dGgiOiJQUkVTSURFTlQiLCJpZCI6Mjk1LCJleHAiOjE3NDI3Mzg1MzV9.vk9lE1ZU6x-yxxhq_mbb_jptn0vClQxBo5c7AiQgNKs","refreshToken":"eyJhbGciOiJIUzI1NiJ9.eyJleHAiOjE3NDMzMzk3MzV9.vzoyU2X8hdHIfOSTCf4rie_kcLYnjwLWlFMCwF5bjtU"}}
<2025-03-23 22:16:17 - Closing JPA EntityManagerFactory for persistence unit 'default'
<2025-03-23 22:16:17 - HikariPool-1 - Shutdown initiated...
<2025-03-23 22:16:18 - HikariPool-1 - Shutdown completed.
<2025-03-23 22:16:21 - HV000001: Hibernate Validator 8.0.1.Final
<2025-03-23 22:16:21 - Starting TomyongjiApplication using Java 17 with PID 42984 (C:\Users\jinhy\tomyongji\out\production\classes started by jinhy in C:\Users\jinhy\tomyongji)
<2025-03-23 22:16:21 - No active profile set, falling back to 1 default profile: "default"
<2025-03-23 22:16:22 - Bootstrapping Spring Data JPA repositories in DEFAULT mode.
<2025-03-23 22:16:22 - Finished Spring Data repository scanning in 108 ms. Found 8 JPA repository interfaces.
<2025-03-23 22:16:23 - Tomcat initialized with port 8080 (http)
<2025-03-23 22:16:23 - Initializing ProtocolHandler ["http-nio-8080"]
<2025-03-23 22:16:23 - Starting service [Tomcat]
<2025-03-23 22:16:23 - Starting Servlet engine: [Apache Tomcat/10.1.26]
<2025-03-23 22:16:23 - Initializing Spring embedded WebApplicationContext
<2025-03-23 22:16:23 - Root WebApplicationContext: initialization completed in 2079 ms
<2025-03-23 22:16:23 - HHH000204: Processing PersistenceUnitInfo [name: default]
<2025-03-23 22:16:23 - HHH000412: Hibernate ORM core version 6.5.2.Final
<2025-03-23 22:16:23 - HHH000026: Second-level cache disabled
<2025-03-23 22:16:24 - No LoadTimeWeaver setup: ignoring JPA class transformer
<2025-03-23 22:16:24 - HikariPool-1 - Starting...
<2025-03-23 22:16:24 - HikariPool-1 - Added connection com.mysql.cj.jdbc.ConnectionImpl@49f50c8f
<2025-03-23 22:16:24 - HikariPool-1 - Start completed.
<2025-03-23 22:16:24 - HHH90000025: MySQL8Dialect does not need to be specified explicitly using 'hibernate.dialect' (remove the property setting and it will be selected by default)
<2025-03-23 22:16:24 - HHH90000026: MySQL8Dialect has been deprecated; use org.hibernate.dialect.MySQLDialect instead
<2025-03-23 22:16:26 - HHH000489: No JTA platform available (set 'hibernate.transaction.jta.platform' to enable JTA platform integration)
<2025-03-23 22:16:26 - Initialized JPA EntityManagerFactory for persistence unit 'default'
<2025-03-23 22:16:27 - spring.jpa.open-in-view is enabled by default. Therefore, database queries may be performed during view rendering. Explicitly configure spring.jpa.open-in-view to disable this warning
<2025-03-23 22:16:27 - Global AuthenticationManager configured with UserDetailsService bean with name customUserDetailsService
<2025-03-23 22:16:28 - Starting ProtocolHandler ["http-nio-8080"]
<2025-03-23 22:16:28 - Tomcat started on port 8080 (http) with context path '/'
<2025-03-23 22:16:28 - Started TomyongjiApplication in 7.781 seconds (process running for 8.628)
<2025-03-23 22:18:25 - Initializing Spring DispatcherServlet 'dispatcherServlet'
<2025-03-23 22:18:25 - Initializing Servlet 'dispatcherServlet'
<2025-03-23 22:18:25 - Completed initialization in 2 ms
<2025-03-23 22:18:25 - -> 요청: [POST] /api/users/login
<2025-03-23 22:18:26 - <- 응답: [POST] /api/users/login - 상태 코드: 200
<2025-03-23 22:18:26 - 응답 바디: {"statusCode":200,"statusMessage":"토큰을 성공적으로 발행했습니다.","data":{"grantType":"Bearer","accessToken":"eyJhbGciOiJIUzI1NiJ9.eyJzdWIiOiJqaW5oOTM4MCIsImF1dGgiOiJQUkVTSURFTlQiLCJpZCI6Mjk2LCJleHAiOjE3NDI3Mzk1MDZ9.JrmJVNEetUIGTEVrC-1Y4MgThlrP9_J3scd35-2kNcU","refreshToken":"eyJhbGciOiJIUzI1NiJ9.eyJleHAiOjE3NDMzNDA3MDZ9.ApbQ2Yov92xFlxa8vqdbms7oy0uYzD2UUkxjE8wDqBg"}}
<2025-03-23 22:20:08 - -> 요청: [POST] /api/users/login
<2025-03-23 22:20:09 - <- 응답: [POST] /api/users/login - 상태 코드: 200
<2025-03-23 22:20:09 - 응답 바디: {"statusCode":200,"statusMessage":"토큰을 성공적으로 발행했습니다.","data":{"grantType":"Bearer","accessToken":"eyJhbGciOiJIUzI1NiJ9.eyJzdWIiOiJqaW5oOTM4MCIsImF1dGgiOiJQUkVTSURFTlQiLCJpZCI6Mjk3LCJleHAiOjE3NDI3Mzk2MDl9.6Vyw7Ugc9i1KOm-inhnk6-SGtHVZsoH2_XmT9W-esY8","refreshToken":"eyJhbGciOiJIUzI1NiJ9.eyJleHAiOjE3NDMzNDA4MDl9.7kEaxkPE_aMXSNVagUtBvIFnIhHnMKDr-oJ9JdEqCjM"}}
<2025-03-23 22:20:10 - -> 요청: [POST] /api/users/login
<2025-03-23 22:20:10 - <- 응답: [POST] /api/users/login - 상태 코드: 200
<2025-03-23 22:20:10 - 응답 바디: {"statusCode":200,"statusMessage":"토큰을 성공적으로 발행했습니다.","data":{"grantType":"Bearer","accessToken":"eyJhbGciOiJIUzI1NiJ9.eyJzdWIiOiJqaW5oOTM4MCIsImF1dGgiOiJQUkVTSURFTlQiLCJpZCI6Mjk4LCJleHAiOjE3NDI3Mzk2MTB9.llILi8yM8sPd_GyxarRfbXba8YJQ0OLusIkMcMnfFrU","refreshToken":"eyJhbGciOiJIUzI1NiJ9.eyJleHAiOjE3NDMzNDA4MTB9.YX_GUxK0Thq__3vuFWxZXdjn_RwwRaHeEyb58XNOq9g"}}
<2025-03-23 22:20:11 - -> 요청: [POST] /api/users/login
<2025-03-23 22:20:11 - <- 응답: [POST] /api/users/login - 상태 코드: 200
<2025-03-23 22:20:11 - 응답 바디: {"statusCode":200,"statusMessage":"토큰을 성공적으로 발행했습니다.","data":{"grantType":"Bearer","accessToken":"eyJhbGciOiJIUzI1NiJ9.eyJzdWIiOiJqaW5oOTM4MCIsImF1dGgiOiJQUkVTSURFTlQiLCJpZCI6Mjk5LCJleHAiOjE3NDI3Mzk2MTF9.pGuxlaXIKnLpNiBgcGhM77zFW3MD-Tv9pGRQSQx7u2g","refreshToken":"eyJhbGciOiJIUzI1NiJ9.eyJleHAiOjE3NDMzNDA4MTF9.e0EJV9ng5I9Xo_6lNo-vfJLIUQv-gJAQ3nbbjPXDN58"}}
<2025-03-23 22:20:12 - -> 요청: [POST] /api/users/login
<2025-03-23 22:20:12 - <- 응답: [POST] /api/users/login - 상태 코드: 200
<2025-03-23 22:20:12 - 응답 바디: {"statusCode":200,"statusMessage":"토큰을 성공적으로 발행했습니다.","data":{"grantType":"Bearer","accessToken":"eyJhbGciOiJIUzI1NiJ9.eyJzdWIiOiJqaW5oOTM4MCIsImF1dGgiOiJQUkVTSURFTlQiLCJpZCI6MzAwLCJleHAiOjE3NDI3Mzk2MTJ9.3omByacSwvRCoD-rGy-1anJ8O3hALDGN7YrJZb6-y2Y","refreshToken":"eyJhbGciOiJIUzI1NiJ9.eyJleHAiOjE3NDMzNDA4MTJ9.EzT91HjqLSg9Ysb83N892NyGITfc22BtnlxDdCleKyw"}}
<2025-03-23 22:28:25 - -> 요청: [POST] /api/users/login
<2025-03-23 22:28:25 - <- 응답: [POST] /api/users/login - 상태 코드: 200
<2025-03-23 22:28:25 - 응답 바디: {"statusCode":200,"statusMessage":"토큰을 성공적으로 발행했습니다.","data":{"grantType":"Bearer","accessToken":"eyJhbGciOiJIUzI1NiJ9.eyJzdWIiOiJqaW5oOTM4MCIsImF1dGgiOiJQUkVTSURFTlQiLCJpZCI6MzAxLCJleHAiOjE3NDI3NDAxMDV9.47OMg1zLdyqun9Kt3NaRHBlMVgz94m4i2QsOvUKHFYI","refreshToken":"eyJhbGciOiJIUzI1NiJ9.eyJleHAiOjE3NDMzNDEzMDV9.PswPugRcZXmBq-_e76hnM12IVvbLZSixJ7KNfTCN0R0"}}
<2025-03-23 22:32:50 - -> 요청: [POST] /api/users/login
<2025-03-23 22:32:51 - <- 응답: [POST] /api/users/login - 상태 코드: 200
<2025-03-23 22:32:51 - 응답 바디: {"statusCode":200,"statusMessage":"토큰을 성공적으로 발행했습니다.","data":{"grantType":"Bearer","accessToken":"eyJhbGciOiJIUzI1NiJ9.eyJzdWIiOiJqaW5oOTM4MCIsImF1dGgiOiJQUkVTSURFTlQiLCJpZCI6MzAyLCJleHAiOjE3NDI3NDAzNzF9.hdmNQKwkTB1dJo_5FhXBRxjFoGxbZgZhLTwsR-opjgY","refreshToken":"eyJhbGciOiJIUzI1NiJ9.eyJleHAiOjE3NDMzNDE1NzF9.RvVXy6U63bhuOzdC9rGRlrItQljt-E--Cv944KyZpz0"}}
<2025-03-23 22:38:11 - -> 요청: [POST] /api/users/login
<2025-03-23 22:38:11 - <- 응답: [POST] /api/users/login - 상태 코드: 200
<2025-03-23 22:38:11 - 응답 바디: {"statusCode":200,"statusMessage":"토큰을 성공적으로 발행했습니다.","data":{"grantType":"Bearer","accessToken":"eyJhbGciOiJIUzI1NiJ9.eyJzdWIiOiJqaW5oOTM4MCIsImF1dGgiOiJQUkVTSURFTlQiLCJpZCI6MzAzLCJleHAiOjE3NDI3NDA2OTF9.FOM2OX6AalesG3sSztzYRp-LyrOHSOLasMXPA6Jl15Y","refreshToken":"eyJhbGciOiJIUzI1NiJ9.eyJleHAiOjE3NDMzNDE4OTF9.0ua0AeTMniUjOC5u7IauKXuq0d-DABKXYExkbkMCMDE"}}
<2025-03-23 22:41:54 - Closing JPA EntityManagerFactory for persistence unit 'default'
<2025-03-23 22:41:54 - HikariPool-1 - Shutdown initiated...
<2025-03-23 22:41:54 - HikariPool-1 - Shutdown completed.
<2025-03-23 22:42:00 - HV000001: Hibernate Validator 8.0.1.Final
<2025-03-23 22:42:00 - Starting TomyongjiApplication using Java 17 with PID 19552 (C:\Users\jinhy\tomyongji\out\production\classes started by jinhy in C:\Users\jinhy\tomyongji)
<2025-03-23 22:42:00 - No active profile set, falling back to 1 default profile: "default"
<2025-03-23 22:42:02 - Bootstrapping Spring Data JPA repositories in DEFAULT mode.
<2025-03-23 22:42:02 - Finished Spring Data repository scanning in 102 ms. Found 8 JPA repository interfaces.
<2025-03-23 22:42:03 - Tomcat initialized with port 8080 (http)
<2025-03-23 22:42:03 - Initializing ProtocolHandler ["http-nio-8080"]
<2025-03-23 22:42:03 - Starting service [Tomcat]
<2025-03-23 22:42:03 - Starting Servlet engine: [Apache Tomcat/10.1.26]
<2025-03-23 22:42:03 - Initializing Spring embedded WebApplicationContext
<2025-03-23 22:42:03 - Root WebApplicationContext: initialization completed in 2174 ms
<2025-03-23 22:42:03 - HHH000204: Processing PersistenceUnitInfo [name: default]
<2025-03-23 22:42:03 - HHH000412: Hibernate ORM core version 6.5.2.Final
<2025-03-23 22:42:03 - HHH000026: Second-level cache disabled
<2025-03-23 22:42:03 - No LoadTimeWeaver setup: ignoring JPA class transformer
<2025-03-23 22:42:03 - HikariPool-1 - Starting...
<2025-03-23 22:42:04 - HikariPool-1 - Added connection com.mysql.cj.jdbc.ConnectionImpl@521c67f0
<2025-03-23 22:42:04 - HikariPool-1 - Start completed.
<2025-03-23 22:42:04 - HHH90000025: MySQL8Dialect does not need to be specified explicitly using 'hibernate.dialect' (remove the property setting and it will be selected by default)
<2025-03-23 22:42:04 - HHH90000026: MySQL8Dialect has been deprecated; use org.hibernate.dialect.MySQLDialect instead
<2025-03-23 22:42:06 - HHH000489: No JTA platform available (set 'hibernate.transaction.jta.platform' to enable JTA platform integration)
<2025-03-23 22:42:06 - Initialized JPA EntityManagerFactory for persistence unit 'default'
<2025-03-23 22:42:07 - spring.jpa.open-in-view is enabled by default. Therefore, database queries may be performed during view rendering. Explicitly configure spring.jpa.open-in-view to disable this warning
<2025-03-23 22:42:07 - Global AuthenticationManager configured with UserDetailsService bean with name customUserDetailsService
<2025-03-23 22:42:08 - Starting ProtocolHandler ["http-nio-8080"]
<2025-03-23 22:42:08 - Tomcat started on port 8080 (http) with context path '/'
<2025-03-23 22:42:08 - Started TomyongjiApplication in 8.267 seconds (process running for 9.034)
<2025-03-23 22:42:35 - Initializing Spring DispatcherServlet 'dispatcherServlet'
<2025-03-23 22:42:35 - Initializing Servlet 'dispatcherServlet'
<2025-03-23 22:42:35 - Completed initialization in 2 ms
<2025-03-23 22:42:35 - -> 요청: [POST] /api/users/login
<2025-03-23 22:42:36 - <- 응답: [POST] /api/users/login - 상태 코드: 200
<2025-03-23 22:42:36 - 응답 바디: {"statusCode":200,"statusMessage":"토큰을 성공적으로 발행했습니다.","data":{"grantType":"Bearer","accessToken":"eyJhbGciOiJIUzI1NiJ9.eyJzdWIiOiJqaW5oOTM4MCIsImF1dGgiOiJQUkVTSURFTlQiLCJpZCI6MzA0LCJleHAiOjE3NDI3NDA5NTZ9.7IYFRbVA42vtAgFCEZ_PUWi7bZ4CmlZlWkrlrgv8FFo","refreshToken":"eyJhbGciOiJIUzI1NiJ9.eyJleHAiOjE3NDMzNDIxNTZ9.fUXojC0ibSnCkCydf00V7V9vscE04nhgBxuiyl1zBMs"}}
<2025-03-23 22:58:24 - Closing JPA EntityManagerFactory for persistence unit 'default'
<2025-03-23 22:58:24 - HikariPool-1 - Shutdown initiated...
<2025-03-23 22:58:24 - HikariPool-1 - Shutdown completed.
<2025-03-23 22:58:30 - HV000001: Hibernate Validator 8.0.1.Final
<2025-03-23 22:58:30 - Starting TomyongjiApplication using Java 17 with PID 38512 (C:\Users\jinhy\tomyongji\out\production\classes started by jinhy in C:\Users\jinhy\tomyongji)
<2025-03-23 22:58:30 - No active profile set, falling back to 1 default profile: "default"
<2025-03-23 22:58:32 - Bootstrapping Spring Data JPA repositories in DEFAULT mode.
<2025-03-23 22:58:32 - Finished Spring Data repository scanning in 109 ms. Found 8 JPA repository interfaces.
<2025-03-23 22:58:33 - Tomcat initialized with port 8080 (http)
<2025-03-23 22:58:33 - Initializing ProtocolHandler ["http-nio-8080"]
<2025-03-23 22:58:33 - Starting service [Tomcat]
<2025-03-23 22:58:33 - Starting Servlet engine: [Apache Tomcat/10.1.26]
<2025-03-23 22:58:33 - Initializing Spring embedded WebApplicationContext
<2025-03-23 22:58:33 - Root WebApplicationContext: initialization completed in 2119 ms
<2025-03-23 22:58:33 - HHH000204: Processing PersistenceUnitInfo [name: default]
<2025-03-23 22:58:33 - HHH000412: Hibernate ORM core version 6.5.2.Final
<2025-03-23 22:58:33 - HHH000026: Second-level cache disabled
<2025-03-23 22:58:33 - No LoadTimeWeaver setup: ignoring JPA class transformer
<2025-03-23 22:58:33 - HikariPool-1 - Starting...
<2025-03-23 22:58:34 - HikariPool-1 - Added connection com.mysql.cj.jdbc.ConnectionImpl@6297cb4b
<2025-03-23 22:58:34 - HikariPool-1 - Start completed.
<2025-03-23 22:58:34 - HHH90000025: MySQL8Dialect does not need to be specified explicitly using 'hibernate.dialect' (remove the property setting and it will be selected by default)
<2025-03-23 22:58:34 - HHH90000026: MySQL8Dialect has been deprecated; use org.hibernate.dialect.MySQLDialect instead
<2025-03-23 22:58:36 - HHH000489: No JTA platform available (set 'hibernate.transaction.jta.platform' to enable JTA platform integration)
<2025-03-23 22:58:36 - Initialized JPA EntityManagerFactory for persistence unit 'default'
<2025-03-23 22:58:37 - spring.jpa.open-in-view is enabled by default. Therefore, database queries may be performed during view rendering. Explicitly configure spring.jpa.open-in-view to disable this warning
<2025-03-23 22:58:37 - Global AuthenticationManager configured with UserDetailsService bean with name customUserDetailsService
<2025-03-23 22:58:37 - Starting ProtocolHandler ["http-nio-8080"]
<2025-03-23 22:58:37 - Tomcat started on port 8080 (http) with context path '/'
<2025-03-23 22:58:37 - Started TomyongjiApplication in 7.738 seconds (process running for 8.52)
<2025-03-23 22:59:14 - Initializing Spring DispatcherServlet 'dispatcherServlet'
<2025-03-23 22:59:14 - Initializing Servlet 'dispatcherServlet'
<2025-03-23 22:59:14 - Completed initialization in 2 ms
<2025-03-23 22:59:14 - -> 요청: [POST] /api/users/login
<2025-03-23 22:59:15 - <- 응답: [POST] /api/users/login - 상태 코드: 200
<2025-03-23 22:59:15 - 응답 바디: {"statusCode":200,"statusMessage":"토큰을 성공적으로 발행했습니다.","data":{"grantType":"Bearer","accessToken":"eyJhbGciOiJIUzI1NiJ9.eyJzdWIiOiJqaW5oOTM4MCIsImF1dGgiOiJQUkVTSURFTlQiLCJpZCI6MzA1LCJleHAiOjE3NDI3NDE5NTV9.vqkDbNFMxmMCi4HrDaZRnnQIjYr-q273nQQV9VAJQYY","refreshToken":"eyJhbGciOiJIUzI1NiJ9.eyJleHAiOjE3NDMzNDMxNTV9.P8D0jIO9YhkLR6J9OKW9ww7MogunsnZCLnq6ugy1gKU"}}
<2025-03-23 22:59:44 - Closing JPA EntityManagerFactory for persistence unit 'default'
<2025-03-23 22:59:44 - HikariPool-1 - Shutdown initiated...
<2025-03-23 22:59:44 - HikariPool-1 - Shutdown completed.
<2025-03-23 22:59:53 - HV000001: Hibernate Validator 8.0.1.Final
<2025-03-23 22:59:53 - Starting TomyongjiApplication using Java 17 with PID 8672 (C:\Users\jinhy\tomyongji\out\production\classes started by jinhy in C:\Users\jinhy\tomyongji)
<2025-03-23 22:59:53 - No active profile set, falling back to 1 default profile: "default"
<2025-03-23 22:59:54 - Bootstrapping Spring Data JPA repositories in DEFAULT mode.
<2025-03-23 22:59:55 - Finished Spring Data repository scanning in 104 ms. Found 8 JPA repository interfaces.
<2025-03-23 22:59:55 - Tomcat initialized with port 8080 (http)
<2025-03-23 22:59:55 - Initializing ProtocolHandler ["http-nio-8080"]
<2025-03-23 22:59:55 - Starting service [Tomcat]
<2025-03-23 22:59:55 - Starting Servlet engine: [Apache Tomcat/10.1.26]
<2025-03-23 22:59:55 - Initializing Spring embedded WebApplicationContext
<2025-03-23 22:59:55 - Root WebApplicationContext: initialization completed in 2249 ms
<2025-03-23 22:59:56 - HHH000204: Processing PersistenceUnitInfo [name: default]
<2025-03-23 22:59:56 - HHH000412: Hibernate ORM core version 6.5.2.Final
<2025-03-23 22:59:56 - HHH000026: Second-level cache disabled
<2025-03-23 22:59:56 - No LoadTimeWeaver setup: ignoring JPA class transformer
<2025-03-23 22:59:56 - HikariPool-1 - Starting...
<2025-03-23 22:59:57 - HikariPool-1 - Added connection com.mysql.cj.jdbc.ConnectionImpl@5c9e3d01
<2025-03-23 22:59:57 - HikariPool-1 - Start completed.
<2025-03-23 22:59:57 - HHH90000025: MySQL8Dialect does not need to be specified explicitly using 'hibernate.dialect' (remove the property setting and it will be selected by default)
<2025-03-23 22:59:57 - HHH90000026: MySQL8Dialect has been deprecated; use org.hibernate.dialect.MySQLDialect instead
<2025-03-23 22:59:58 - HHH000489: No JTA platform available (set 'hibernate.transaction.jta.platform' to enable JTA platform integration)
<2025-03-23 22:59:58 - Initialized JPA EntityManagerFactory for persistence unit 'default'
<2025-03-23 22:59:59 - spring.jpa.open-in-view is enabled by default. Therefore, database queries may be performed during view rendering. Explicitly configure spring.jpa.open-in-view to disable this warning
<2025-03-23 22:59:59 - Global AuthenticationManager configured with UserDetailsService bean with name customUserDetailsService
<2025-03-23 23:00:00 - Starting ProtocolHandler ["http-nio-8080"]
<2025-03-23 23:00:00 - Tomcat started on port 8080 (http) with context path '/'
<2025-03-23 23:00:00 - Started TomyongjiApplication in 7.63 seconds (process running for 8.554)
<2025-03-23 23:00:47 - Initializing Spring DispatcherServlet 'dispatcherServlet'
<2025-03-23 23:00:47 - Initializing Servlet 'dispatcherServlet'
<2025-03-23 23:00:47 - Completed initialization in 2 ms
<2025-03-23 23:00:47 - -> 요청: [POST] /api/users/login
<2025-03-23 23:00:48 - <- 응답: [POST] /api/users/login - 상태 코드: 200
<2025-03-23 23:00:48 - 응답 바디: {"statusCode":200,"statusMessage":"토큰을 성공적으로 발행했습니다.","data":{"grantType":"Bearer","accessToken":"eyJhbGciOiJIUzI1NiJ9.eyJzdWIiOiJqaW5oOTM4MCIsImF1dGgiOiJQUkVTSURFTlQiLCJpZCI6MzA2LCJleHAiOjE3NDI3NDIwNDh9.LTvlmHKnsK38GoaJ_nPGmwOhcAnLomN5dyRR5nGsoco","refreshToken":"eyJhbGciOiJIUzI1NiJ9.eyJleHAiOjE3NDMzNDMyNDh9.J_Mclksv4LLG6Ga9fXhp_j-9Ub0JcxsKPNVmQ56VcVE"}}
<2025-03-23 23:01:23 - -> 요청: [POST] /api/users/login
<2025-03-23 23:01:23 - <- 응답: [POST] /api/users/login - 상태 코드: 200
<2025-03-23 23:01:23 - 응답 바디: {"statusCode":200,"statusMessage":"토큰을 성공적으로 발행했습니다.","data":{"grantType":"Bearer","accessToken":"eyJhbGciOiJIUzI1NiJ9.eyJzdWIiOiJqaW5oOTM4MCIsImF1dGgiOiJQUkVTSURFTlQiLCJpZCI6MzEwLCJleHAiOjE3NDI3NDIwODN9.YGtbGErJiS-az37jqMR4BUlfjGpO0Yx7cPeF7if5OkA","refreshToken":"eyJhbGciOiJIUzI1NiJ9.eyJleHAiOjE3NDMzNDMyODN9.AUKJj8v7FEs_65sVKHeSiPM6O5Mykert-z7iw7ExT4Q"}}
<2025-03-23 23:01:24 - -> 요청: [POST] /api/users/login
<2025-03-23 23:01:24 - <- 응답: [POST] /api/users/login - 상태 코드: 200
<2025-03-23 23:01:24 - 응답 바디: {"statusCode":200,"statusMessage":"토큰을 성공적으로 발행했습니다.","data":{"grantType":"Bearer","accessToken":"eyJhbGciOiJIUzI1NiJ9.eyJzdWIiOiJqaW5oOTM4MCIsImF1dGgiOiJQUkVTSURFTlQiLCJpZCI6MzExLCJleHAiOjE3NDI3NDIwODR9.v3MPSpCN3AHs3Eo6beTjBCeSX-NXpkQFssKX4Om55UY","refreshToken":"eyJhbGciOiJIUzI1NiJ9.eyJleHAiOjE3NDMzNDMyODR9.fMo4CNEi4Z3MO2W5M3GiDWDrToTULoj7FujZEg_nWoQ"}}
<2025-03-23 23:01:26 - -> 요청: [POST] /api/users/login
<2025-03-23 23:01:26 - <- 응답: [POST] /api/users/login - 상태 코드: 200
<2025-03-23 23:01:26 - 응답 바디: {"statusCode":200,"statusMessage":"토큰을 성공적으로 발행했습니다.","data":{"grantType":"Bearer","accessToken":"eyJhbGciOiJIUzI1NiJ9.eyJzdWIiOiJqaW5oOTM4MCIsImF1dGgiOiJQUkVTSURFTlQiLCJpZCI6MzEzLCJleHAiOjE3NDI3NDIwODZ9.whWjxOoZU9_RJUyYueHzcM3V5plcflkdzzRcBfy6J3Y","refreshToken":"eyJhbGciOiJIUzI1NiJ9.eyJleHAiOjE3NDMzNDMyODZ9.wyW_S4iLdAy52gvUOagmQ-rjJMPe7-TqMS8xzijKsyc"}}
<